Determining if the Q_WS_WIN exist failed with the following output:
Change Dir: /home/can/projects/etaKeyboard/build/CMakeFiles/CMakeTmp

Run Build Command:"/usr/bin/make" "cmTryCompileExec1826931752/fast"
/usr/bin/make -f CMakeFiles/cmTryCompileExec1826931752.dir/build.make CMakeFiles/cmTryCompileExec1826931752.dir/build
make[1]: Entering directory '/home/can/projects/etaKeyboard/build/CMakeFiles/CMakeTmp'
/usr/bin/cmake -E cmake_progress_report /home/can/projects/etaKeyboard/build/CMakeFiles/CMakeTmp/CMakeFiles 1
Building C object CMakeFiles/cmTryCompileExec1826931752.dir/CheckSymbolExists.c.o
/usr/bin/cc   -I/usr/include/qt4    -o CMakeFiles/cmTryCompileExec1826931752.dir/CheckSymbolExists.c.o   -c /home/can/projects/etaKeyboard/build/CMakeFiles/CMakeTmp/CheckSymbolExists.c
/home/can/projects/etaKeyboard/build/CMakeFiles/CMakeTmp/CheckSymbolExists.c: In function ‘main’:
/home/can/projects/etaKeyboard/build/CMakeFiles/CMakeTmp/CheckSymbolExists.c:8:19: error: ‘Q_WS_WIN’ undeclared (first use in this function)
   return ((int*)(&Q_WS_WIN))[argc];
                   ^
/home/can/projects/etaKeyboard/build/CMakeFiles/CMakeTmp/CheckSymbolExists.c:8:19: note: each undeclared identifier is reported only once for each function it appears in
CMakeFiles/cmTryCompileExec1826931752.dir/build.make:57: recipe for target 'CMakeFiles/cmTryCompileExec1826931752.dir/CheckSymbolExists.c.o' failed
make[1]: Leaving directory '/home/can/projects/etaKeyboard/build/CMakeFiles/CMakeTmp'
make[1]: *** [CMakeFiles/cmTryCompileExec1826931752.dir/CheckSymbolExists.c.o] Error 1
Makefile:118: recipe for target 'cmTryCompileExec1826931752/fast' failed
make: *** [cmTryCompileExec1826931752/fast] Error 2

File /home/can/projects/etaKeyboard/build/CMakeFiles/CMakeTmp/CheckSymbolExists.c:
/* */
#include <QtCore/qglobal.h>

int main(int argc, char** argv)
{
  (void)argv;
#ifndef Q_WS_WIN
  return ((int*)(&Q_WS_WIN))[argc];
#else
  (void)argc;
  return 0;
#endif
}

Determining if the Q_WS_QWS exist failed with the following output:
Change Dir: /home/can/projects/etaKeyboard/build/CMakeFiles/CMakeTmp

Run Build Command:"/usr/bin/make" "cmTryCompileExec3117506168/fast"
/usr/bin/make -f CMakeFiles/cmTryCompileExec3117506168.dir/build.make CMakeFiles/cmTryCompileExec3117506168.dir/build
make[1]: Entering directory '/home/can/projects/etaKeyboard/build/CMakeFiles/CMakeTmp'
/usr/bin/cmake -E cmake_progress_report /home/can/projects/etaKeyboard/build/CMakeFiles/CMakeTmp/CMakeFiles 1
Building C object CMakeFiles/cmTryCompileExec3117506168.dir/CheckSymbolExists.c.o
/usr/bin/cc   -I/usr/include/qt4    -o CMakeFiles/cmTryCompileExec3117506168.dir/CheckSymbolExists.c.o   -c /home/can/projects/etaKeyboard/build/CMakeFiles/CMakeTmp/CheckSymbolExists.c
/home/can/projects/etaKeyboard/build/CMakeFiles/CMakeTmp/CheckSymbolExists.c: In function ‘main’:
/home/can/projects/etaKeyboard/build/CMakeFiles/CMakeTmp/CheckSymbolExists.c:8:19: error: ‘Q_WS_QWS’ undeclared (first use in this function)
   return ((int*)(&Q_WS_QWS))[argc];
                   ^
/home/can/projects/etaKeyboard/build/CMakeFiles/CMakeTmp/CheckSymbolExists.c:8:19: note: each undeclared identifier is reported only once for each function it appears in
CMakeFiles/cmTryCompileExec3117506168.dir/build.make:57: recipe for target 'CMakeFiles/cmTryCompileExec3117506168.dir/CheckSymbolExists.c.o' failed
make[1]: Leaving directory '/home/can/projects/etaKeyboard/build/CMakeFiles/CMakeTmp'
make[1]: *** [CMakeFiles/cmTryCompileExec3117506168.dir/CheckSymbolExists.c.o] Error 1
Makefile:118: recipe for target 'cmTryCompileExec3117506168/fast' failed
make: *** [cmTryCompileExec3117506168/fast] Error 2

File /home/can/projects/etaKeyboard/build/CMakeFiles/CMakeTmp/CheckSymbolExists.c:
/* */
#include <QtCore/qglobal.h>

int main(int argc, char** argv)
{
  (void)argv;
#ifndef Q_WS_QWS
  return ((int*)(&Q_WS_QWS))[argc];
#else
  (void)argc;
  return 0;
#endif
}

Determining if the Q_WS_MAC exist failed with the following output:
Change Dir: /home/can/projects/etaKeyboard/build/CMakeFiles/CMakeTmp

Run Build Command:"/usr/bin/make" "cmTryCompileExec1250697222/fast"
/usr/bin/make -f CMakeFiles/cmTryCompileExec1250697222.dir/build.make CMakeFiles/cmTryCompileExec1250697222.dir/build
make[1]: Entering directory '/home/can/projects/etaKeyboard/build/CMakeFiles/CMakeTmp'
/usr/bin/cmake -E cmake_progress_report /home/can/projects/etaKeyboard/build/CMakeFiles/CMakeTmp/CMakeFiles 1
Building C object CMakeFiles/cmTryCompileExec1250697222.dir/CheckSymbolExists.c.o
/usr/bin/cc   -I/usr/include/qt4    -o CMakeFiles/cmTryCompileExec1250697222.dir/CheckSymbolExists.c.o   -c /home/can/projects/etaKeyboard/build/CMakeFiles/CMakeTmp/CheckSymbolExists.c
/home/can/projects/etaKeyboard/build/CMakeFiles/CMakeTmp/CheckSymbolExists.c: In function ‘main’:
/home/can/projects/etaKeyboard/build/CMakeFiles/CMakeTmp/CheckSymbolExists.c:8:19: error: ‘Q_WS_MAC’ undeclared (first use in this function)
   return ((int*)(&Q_WS_MAC))[argc];
                   ^
/home/can/projects/etaKeyboard/build/CMakeFiles/CMakeTmp/CheckSymbolExists.c:8:19: note: each undeclared identifier is reported only once for each function it appears in
CMakeFiles/cmTryCompileExec1250697222.dir/build.make:57: recipe for target 'CMakeFiles/cmTryCompileExec1250697222.dir/CheckSymbolExists.c.o' failed
make[1]: Leaving directory '/home/can/projects/etaKeyboard/build/CMakeFiles/CMakeTmp'
make[1]: *** [CMakeFiles/cmTryCompileExec1250697222.dir/CheckSymbolExists.c.o] Error 1
Makefile:118: recipe for target 'cmTryCompileExec1250697222/fast' failed
make: *** [cmTryCompileExec1250697222/fast] Error 2

File /home/can/projects/etaKeyboard/build/CMakeFiles/CMakeTmp/CheckSymbolExists.c:
/* */
#include <QtCore/qglobal.h>

int main(int argc, char** argv)
{
  (void)argv;
#ifndef Q_WS_MAC
  return ((int*)(&Q_WS_MAC))[argc];
#else
  (void)argc;
  return 0;
#endif
}

Determining if the pthread_create exist failed with the following output:
Change Dir: /home/can/projects/etaKeyboard/build/CMakeFiles/CMakeTmp

Run Build Command:"/usr/bin/make" "cmTryCompileExec3690743446/fast"
/usr/bin/make -f CMakeFiles/cmTryCompileExec3690743446.dir/build.make CMakeFiles/cmTryCompileExec3690743446.dir/build
make[1]: Entering directory '/home/can/projects/etaKeyboard/build/CMakeFiles/CMakeTmp'
/usr/bin/cmake -E cmake_progress_report /home/can/projects/etaKeyboard/build/CMakeFiles/CMakeTmp/CMakeFiles 1
Building C object CMakeFiles/cmTryCompileExec3690743446.dir/CheckSymbolExists.c.o
/usr/bin/cc    -o CMakeFiles/cmTryCompileExec3690743446.dir/CheckSymbolExists.c.o   -c /home/can/projects/etaKeyboard/build/CMakeFiles/CMakeTmp/CheckSymbolExists.c
Linking C executable cmTryCompileExec3690743446
/usr/bin/cmake -E cmake_link_script CMakeFiles/cmTryCompileExec3690743446.dir/link.txt --verbose=1
/usr/bin/cc       CMakeFiles/cmTryCompileExec3690743446.dir/CheckSymbolExists.c.o  -o cmTryCompileExec3690743446 -rdynamic 
CMakeFiles/cmTryCompileExec3690743446.dir/CheckSymbolExists.c.o: In function `main':
CheckSymbolExists.c:(.text+0x16): undefined reference to `pthread_create'
collect2: error: ld returned 1 exit status
CMakeFiles/cmTryCompileExec3690743446.dir/build.make:88: recipe for target 'cmTryCompileExec3690743446' failed
make[1]: Leaving directory '/home/can/projects/etaKeyboard/build/CMakeFiles/CMakeTmp'
make[1]: *** [cmTryCompileExec3690743446] Error 1
Makefile:118: recipe for target 'cmTryCompileExec3690743446/fast' failed
make: *** [cmTryCompileExec3690743446/fast] Error 2

File /home/can/projects/etaKeyboard/build/CMakeFiles/CMakeTmp/CheckSymbolExists.c:
/* */
#include <pthread.h>

int main(int argc, char** argv)
{
  (void)argv;
#ifndef pthread_create
  return ((int*)(&pthread_create))[argc];
#else
  (void)argc;
  return 0;
#endif
}

Determining if the function pthread_create exists in the pthreads failed with the following output:
Change Dir: /home/can/projects/etaKeyboard/build/CMakeFiles/CMakeTmp

Run Build Command:"/usr/bin/make" "cmTryCompileExec1255289330/fast"
/usr/bin/make -f CMakeFiles/cmTryCompileExec1255289330.dir/build.make CMakeFiles/cmTryCompileExec1255289330.dir/build
make[1]: Entering directory '/home/can/projects/etaKeyboard/build/CMakeFiles/CMakeTmp'
/usr/bin/cmake -E cmake_progress_report /home/can/projects/etaKeyboard/build/CMakeFiles/CMakeTmp/CMakeFiles 1
Building C object CMakeFiles/cmTryCompileExec1255289330.dir/CheckFunctionExists.c.o
/usr/bin/cc   -DCHECK_FUNCTION_EXISTS=pthread_create   -o CMakeFiles/cmTryCompileExec1255289330.dir/CheckFunctionExists.c.o   -c /usr/share/cmake-3.0/Modules/CheckFunctionExists.c
Linking C executable cmTryCompileExec1255289330
/usr/bin/cmake -E cmake_link_script CMakeFiles/cmTryCompileExec1255289330.dir/link.txt --verbose=1
/usr/bin/cc   -DCHECK_FUNCTION_EXISTS=pthread_create    CMakeFiles/cmTryCompileExec1255289330.dir/CheckFunctionExists.c.o  -o cmTryCompileExec1255289330 -rdynamic -lpthreads 
/usr/bin/ld: cannot find -lpthreads
collect2: error: ld returned 1 exit status
CMakeFiles/cmTryCompileExec1255289330.dir/build.make:88: recipe for target 'cmTryCompileExec1255289330' failed
make[1]: Leaving directory '/home/can/projects/etaKeyboard/build/CMakeFiles/CMakeTmp'
make[1]: *** [cmTryCompileExec1255289330] Error 1
Makefile:118: recipe for target 'cmTryCompileExec1255289330/fast' failed
make: *** [cmTryCompileExec1255289330/fast] Error 2


